<?xml version="1.0" encoding="UTF-8"?>
<testng-results ignored="0" total="1" passed="1" failed="0" skipped="0">
  <reporter-output>
  </reporter-output>
  <suite started-at="2025-04-03T00:11:49 IST" name="Suite" finished-at="2025-04-03T00:12:15 IST" duration-ms="25739">
    <groups>
      <group name="smoke">
        <method signature="Basetest.f()[pri:1, instance:com.xyz.testngOne.Basetest@6c6cb480]" name="f" class="com.xyz.testngOne.Basetest"/>
      </group> <!-- smoke -->
    </groups>
    <test started-at="2025-04-03T00:11:49 IST" name="Test" finished-at="2025-04-03T00:12:15 IST" duration-ms="25739">
      <class name="com.xyz.testngOne.Basetest">
        <test-method signature="f()[pri:1, instance:com.xyz.testngOne.Basetest@6c6cb480]" started-at="2025-04-03T00:11:49 IST" name="f" finished-at="2025-04-03T00:12:15 IST" duration-ms="25702" status="PASS">
          <reporter-output>
          </reporter-output>
        </test-method> <!-- f -->
      </class> <!-- com.xyz.testngOne.Basetest -->
    </test> <!-- Test -->
  </suite> <!-- Suite -->
</testng-results>
