<?xml version="1.0" encoding="UTF-8"?>
<!-- Generated by org.testng.reporters.JUnitXMLReporter -->
<testsuite hostname="kulkarnid-macbookpro.roam.internal" failures="1" tests="2" name="Default test" time="27.732" errors="0" timestamp="4 Apr 2025 14:56:00 GMT">
  <testcase classname="com.dez.learn.NewTest" name="f" time="19.669"/>
  <testcase classname="com.dez.learn.NewTest" name="f2" time="8.05">
    <failure type="java.lang.AssertionError" message="The following asserts failed:
	doesn&amp;apos;t match expected [First name can&amp;apos;t be blank] but found [Please complete this required field.],
	doesn&amp;apos;t match expected [Last name can&amp;apos;t be blank] but found [Please complete this required field.],
	doesn&amp;apos;t match expected [Company name can&amp;apos;t be blank] but found [Please complete this required field.],
	doesn&amp;apos;t match expected [Password cannot be blank] but found [Please complete this required field.],
	doesn&amp;apos;t match expected [Email can&amp;apos;t be blank] but found [Please complete this required field.]">
      <![CDATA[java.lang.AssertionError: The following asserts failed:
	doesn't match expected [First name can't be blank] but found [Please complete this required field.],
	doesn't match expected [Last name can't be blank] but found [Please complete this required field.],
	doesn't match expected [Company name can't be blank] but found [Please complete this required field.],
	doesn't match expected [Password cannot be blank] but found [Please complete this required field.],
	doesn't match expected [Email can't be blank] but found [Please complete this required field.]
	at org.testng.asserts.SoftAssert.assertAll(SoftAssert.java:46)
	at org.testng.asserts.SoftAssert.assertAll(SoftAssert.java:30)
	at com.dez.learn.NewTest.f2(NewTest.java:113)
	at java.base/jdk.internal.reflect.DirectMethodHandleAccessor.invoke(DirectMethodHandleAccessor.java:103)
	at java.base/java.lang.reflect.Method.invoke(Method.java:580)
	at org.testng.internal.MethodInvocationHelper.invokeMethod(MethodInvocationHelper.java:80)
	at org.testng.internal.Invoker.invokeMethod(Invoker.java:715)
	at org.testng.internal.Invoker.invokeTestMethod(Invoker.java:907)
	at org.testng.internal.Invoker.invokeTestMethods(Invoker.java:1237)
	at org.testng.internal.TestMethodWorker.invokeTestMethods(TestMethodWorker.java:127)
	at org.testng.internal.TestMethodWorker.run(TestMethodWorker.java:111)
	at org.testng.TestRunner.privateRun(TestRunner.java:767)
	at org.testng.TestRunner.run(TestRunner.java:617)
	at org.testng.SuiteRunner.runTest(SuiteRunner.java:334)
	at org.testng.SuiteRunner.runSequentially(SuiteRunner.java:329)
	at org.testng.SuiteRunner.privateRun(SuiteRunner.java:291)
	at org.testng.SuiteRunner.run(SuiteRunner.java:240)
	at org.testng.SuiteRunnerWorker.runSuite(SuiteRunnerWorker.java:51)
	at org.testng.SuiteRunnerWorker.run(SuiteRunnerWorker.java:85)
	at org.testng.TestNG.runSuitesSequentially(TestNG.java:1197)
	at org.testng.TestNG.runSuitesLocally(TestNG.java:1122)
	at org.testng.TestNG.run(TestNG.java:1030)
	at org.testng.remote.AbstractRemoteTestNG.run(AbstractRemoteTestNG.java:115)
	at org.testng.remote.RemoteTestNG.initAndRun(RemoteTestNG.java:293)
	at org.testng.remote.RemoteTestNG.main(RemoteTestNG.java:91)
]]>
    </failure>
  </testcase> <!-- f2 -->
</testsuite> <!-- Default test -->
