<?xml version="1.0" encoding="UTF-8"?>
<testng-results total="2" passed="1" failed="1" skipped="0">
  <reporter-output>
  </reporter-output>
  <suite started-at="2025-04-04T14:55:32Z" name="Default suite" finished-at="2025-04-04T14:56:00Z" duration-ms="27732">
    <groups>
      <group name="smoke">
        <method signature="NewTest.f()[pri:0, instance:com.dez.learn.NewTest@6b09fb41]" name="f" class="com.dez.learn.NewTest"/>
        <method signature="NewTest.f2()[pri:0, instance:com.dez.learn.NewTest@6b09fb41]" name="f2" class="com.dez.learn.NewTest"/>
      </group> <!-- smoke -->
    </groups>
    <test started-at="2025-04-04T14:55:32Z" name="Default test" finished-at="2025-04-04T14:56:00Z" duration-ms="27732">
      <class name="com.dez.learn.NewTest">
        <test-method is-config="true" signature="beforesuite()[pri:0, instance:com.dez.learn.NewTest@6b09fb41]" started-at="2025-04-04T20:25:29Z" name="beforesuite" finished-at="2025-04-04T20:25:32Z" duration-ms="3015" status="PASS">
          <reporter-output>
          </reporter-output>
        </test-method> <!-- beforesuite -->
        <test-method signature="f()[pri:0, instance:com.dez.learn.NewTest@6b09fb41]" started-at="2025-04-04T20:25:32Z" name="f" finished-at="2025-04-04T20:25:52Z" duration-ms="19669" status="PASS">
          <reporter-output>
          </reporter-output>
        </test-method> <!-- f -->
        <test-method signature="f2()[pri:0, instance:com.dez.learn.NewTest@6b09fb41]" started-at="2025-04-04T20:25:52Z" name="f2" finished-at="2025-04-04T20:26:00Z" duration-ms="8050" status="FAIL">
          <exception class="java.lang.AssertionError">
            <message>
              <![CDATA[The following asserts failed:
	doesn't match expected [First name can't be blank] but found [Please complete this required field.],
	doesn't match expected [Last name can't be blank] but found [Please complete this required field.],
	doesn't match expected [Company name can't be blank] but found [Please complete this required field.],
	doesn't match expected [Password cannot be blank] but found [Please complete this required field.],
	doesn't match expected [Email can't be blank] but found [Please complete this required field.]]]>
            </message>
            <full-stacktrace>
              <![CDATA[java.lang.AssertionError: The following asserts failed:
	doesn't match expected [First name can't be blank] but found [Please complete this required field.],
	doesn't match expected [Last name can't be blank] but found [Please complete this required field.],
	doesn't match expected [Company name can't be blank] but found [Please complete this required field.],
	doesn't match expected [Password cannot be blank] but found [Please complete this required field.],
	doesn't match expected [Email can't be blank] but found [Please complete this required field.]
	at org.testng.asserts.SoftAssert.assertAll(SoftAssert.java:46)
	at org.testng.asserts.SoftAssert.assertAll(SoftAssert.java:30)
	at com.dez.learn.NewTest.f2(NewTest.java:113)
	at java.base/jdk.internal.reflect.DirectMethodHandleAccessor.invoke(DirectMethodHandleAccessor.java:103)
	at java.base/java.lang.reflect.Method.invoke(Method.java:580)
	at org.testng.internal.MethodInvocationHelper.invokeMethod(MethodInvocationHelper.java:80)
	at org.testng.internal.Invoker.invokeMethod(Invoker.java:715)
	at org.testng.internal.Invoker.invokeTestMethod(Invoker.java:907)
	at org.testng.internal.Invoker.invokeTestMethods(Invoker.java:1237)
	at org.testng.internal.TestMethodWorker.invokeTestMethods(TestMethodWorker.java:127)
	at org.testng.internal.TestMethodWorker.run(TestMethodWorker.java:111)
	at org.testng.TestRunner.privateRun(TestRunner.java:767)
	at org.testng.TestRunner.run(TestRunner.java:617)
	at org.testng.SuiteRunner.runTest(SuiteRunner.java:334)
	at org.testng.SuiteRunner.runSequentially(SuiteRunner.java:329)
	at org.testng.SuiteRunner.privateRun(SuiteRunner.java:291)
	at org.testng.SuiteRunner.run(SuiteRunner.java:240)
	at org.testng.SuiteRunnerWorker.runSuite(SuiteRunnerWorker.java:51)
	at org.testng.SuiteRunnerWorker.run(SuiteRunnerWorker.java:85)
	at org.testng.TestNG.runSuitesSequentially(TestNG.java:1197)
	at org.testng.TestNG.runSuitesLocally(TestNG.java:1122)
	at org.testng.TestNG.run(TestNG.java:1030)
	at org.testng.remote.AbstractRemoteTestNG.run(AbstractRemoteTestNG.java:115)
	at org.testng.remote.RemoteTestNG.initAndRun(RemoteTestNG.java:293)
	at org.testng.remote.RemoteTestNG.main(RemoteTestNG.java:91)
]]>
            </full-stacktrace>
          </exception> <!-- java.lang.AssertionError -->
          <reporter-output>
          </reporter-output>
        </test-method> <!-- f2 -->
        <test-method is-config="true" signature="aftersuite()[pri:0, instance:com.dez.learn.NewTest@6b09fb41]" started-at="2025-04-04T20:26:00Z" name="aftersuite" finished-at="2025-04-04T20:26:00Z" duration-ms="1" status="PASS">
          <reporter-output>
          </reporter-output>
        </test-method> <!-- aftersuite -->
      </class> <!-- com.dez.learn.NewTest -->
    </test> <!-- Default test -->
  </suite> <!-- Default suite -->
</testng-results>
