<?xml version="1.0" encoding="UTF-8"?>
<!-- Generated by org.testng.reporters.JUnitXMLReporter -->
<testsuite ignored="0" hostname="kulkarnid-macbookpro.roam.internal" failures="1" tests="1" name="WebDriverUniversity IFRAME Test" time="46.351" errors="0" timestamp="2025-05-06T17:44:33 IST">
  <testcase classname="io.cucumber.testng.AbstractTestNGCucumberTests" name="runScenario" time="45.932">
    <failure type="java.lang.NullPointerException" message="Cannot invoke &amp;quot;String.equals(Object)&amp;quot; because &amp;quot;srcBefore&amp;quot; is null">
      <![CDATA[java.lang.NullPointerException: Cannot invoke "String.equals(Object)" because "srcBefore" is null
at steps.AppTest.clickthearrow(AppTest.java:107)
at ✽.the user clicks the right arrow button on the slider(file:///Users/kulkarnid/eclipse-workspace/1/src/test/resources/features/Home2.feature:10)
]]>
    </failure>
  </testcase> <!-- runScenario -->
</testsuite> <!-- WebDriverUniversity IFRAME Test -->
