<?xml version="1.0" encoding="UTF-8"?>
<!-- Generated by org.testng.reporters.JUnitReportReporter -->
<testsuite hostname="kulkarnid-macbookpro.roam.internal" failures="0" tests="1" name="testrunner.Runner" time="45.932" errors="1" timestamp="2025-05-06T17:44:33 IST" skipped="0">
  <testcase classname="testrunner.Runner" name="runScenario" time="45.932">
    <error message="Cannot invoke &quot;String.equals(Object)&quot; because &quot;srcBefore&quot; is null" type="java.lang.NullPointerException">
      <![CDATA[java.lang.NullPointerException: Cannot invoke "String.equals(Object)" because "srcBefore" is null
at steps.AppTest.clickthearrow(AppTest.java:107)
at ✽.the user clicks the right arrow button on the slider(file:///Users/kulkarnid/eclipse-workspace/1/src/test/resources/features/Home2.feature:10)
]]>
    </error>
  </testcase> <!-- runScenario -->
</testsuite> <!-- testrunner.Runner -->
