<?xml version="1.0" encoding="UTF-8"?>
<testng-results ignored="0" total="1" passed="0" failed="1" skipped="0">
  <reporter-output>
  </reporter-output>
  <suite started-at="2025-05-06T17:43:46 IST" name="Cucumber Test Suite" finished-at="2025-05-06T17:44:33 IST" duration-ms="46351">
    <groups>
      <group name="cucumber">
        <method signature="AbstractTestNGCucumberTests.runScenario(io.cucumber.testng.PickleWrapper,io.cucumber.testng.FeatureWrapper)[pri:0, instance:testrunner.Runner@7d8704ef]" name="runScenario" class="io.cucumber.testng.AbstractTestNGCucumberTests"/>
      </group> <!-- cucumber -->
    </groups>
    <test started-at="2025-05-06T17:43:46 IST" name="WebDriverUniversity IFRAME Test" finished-at="2025-05-06T17:44:33 IST" duration-ms="46351">
      <class name="testrunner.Runner">
        <test-method is-config="true" signature="setUpClass(org.testng.ITestContext)[pri:0, instance:testrunner.Runner@7d8704ef]" started-at="2025-05-06T17:43:46 IST" name="setUpClass" finished-at="2025-05-06T17:43:46 IST" duration-ms="176" status="PASS">
          <params>
            <param index="0">
              <value>
                <![CDATA[org.testng.TestRunner@3491e86e]]>
              </value>
            </param>
          </params>
          <reporter-output>
          </reporter-output>
        </test-method> <!-- setUpClass -->
        <test-method signature="runScenario(io.cucumber.testng.PickleWrapper,io.cucumber.testng.FeatureWrapper)[pri:0, instance:testrunner.Runner@7d8704ef]" started-at="2025-05-06T17:43:46 IST" name="runScenario" description="Runs Cucumber Scenarios" data-provider="scenarios" finished-at="2025-05-06T17:44:32 IST" duration-ms="45932" status="FAIL">
          <params>
            <param index="0">
              <value>
                <![CDATA["Verify image slider in IFRAME section"]]>
              </value>
            </param>
            <param index="1">
              <value>
                <![CDATA["IFrame Image Slider on WebDriverUniversity"]]>
              </value>
            </param>
          </params>
          <exception class="java.lang.NullPointerException">
            <message>
              <![CDATA[Cannot invoke "String.equals(Object)" because "srcBefore" is null]]>
            </message>
            <full-stacktrace>
              <![CDATA[java.lang.NullPointerException: Cannot invoke "String.equals(Object)" because "srcBefore" is null
at steps.AppTest.clickthearrow(AppTest.java:107)
at ✽.the user clicks the right arrow button on the slider(file:///Users/kulkarnid/eclipse-workspace/1/src/test/resources/features/Home2.feature:10)
]]>
            </full-stacktrace>
          </exception> <!-- java.lang.NullPointerException -->
          <reporter-output>
          </reporter-output>
        </test-method> <!-- runScenario -->
        <test-method is-config="true" signature="tearDownClass()[pri:0, instance:testrunner.Runner@7d8704ef]" started-at="2025-05-06T17:44:32 IST" name="tearDownClass" finished-at="2025-05-06T17:44:33 IST" duration-ms="208" status="PASS">
          <reporter-output>
          </reporter-output>
        </test-method> <!-- tearDownClass -->
      </class> <!-- testrunner.Runner -->
    </test> <!-- WebDriverUniversity IFRAME Test -->
  </suite> <!-- Cucumber Test Suite -->
</testng-results>
